2021-12-27 12:29:17 [main] INFO  org.base.Global:55 - User is navigate to Salesforce site
2021-12-27 12:29:22 [main] INFO  org.base.Global:29 - User enter the correct username
2021-12-27 12:29:22 [main] INFO  org.base.Global:36 - User enter the correct password
2021-12-27 12:29:22 [main] INFO  org.base.Global:42 - User click the login CTA
2021-12-27 12:29:22 [main] INFO  org.base.Global:48 - Validated the title
2021-12-27 12:29:23 [main] INFO  org.base.Global:55 - User is navigate to Salesforce site
2021-12-27 12:30:01 [main] INFO  org.base.Global:55 - User is navigate to Salesforce site
2021-12-27 12:30:04 [main] INFO  org.base.Global:29 - User enter the correct username
2021-12-27 12:30:04 [main] INFO  org.base.Global:36 - User enter the correct password
2021-12-27 12:30:04 [main] INFO  org.base.Global:42 - User click the login CTA
2021-12-27 12:30:04 [main] INFO  org.base.Global:48 - Validated the title
2021-12-27 12:30:05 [main] INFO  org.base.Global:55 - User is navigate to Salesforce site
2021-12-27 12:30:05 [main] INFO  org.base.Global:55 - User is navigate to Salesforce site
2021-12-28 12:32:51 [main] INFO  org.base.Global:55 - User is navigate to Salesforce site
2021-12-28 12:33:50 [main] INFO  org.base.Global:55 - User is navigate to Salesforce site
2021-12-28 12:33:54 [main] INFO  org.base.Global:29 - User enter the correct username
2021-12-28 12:33:55 [main] INFO  org.base.Global:36 - User enter the correct password
2021-12-28 12:33:55 [main] INFO  org.base.Global:42 - User click the login CTA
2021-12-28 12:33:55 [main] INFO  org.base.Global:48 - Validated the title
2021-12-28 12:33:55 [main] INFO  org.base.Global:55 - User is navigate to Salesforce site
2022-04-07 16:11:41 [main] INFO  org.base.Global:57 - User is navigate to Salesforce site
2022-04-07 16:11:50 [main] INFO  org.base.Global:31 - User enter the correct username
2022-04-07 16:11:50 [main] INFO  org.base.Global:38 - User enter the correct password
2022-04-07 16:11:51 [main] INFO  org.base.Global:44 - User click the login CTA
2022-04-07 16:11:51 [main] INFO  org.base.Global:50 - Validated the title
2022-04-07 16:11:51 [main] INFO  org.base.Global:57 - User is navigate to Salesforce site
2022-05-26 13:15:35 [main] INFO  org.base.Global:57 - User is navigate to Salesforce site
2022-05-26 13:15:44 [main] INFO  org.base.Global:31 - User enter the correct username
2022-05-26 13:15:44 [main] INFO  org.base.Global:38 - User enter the correct password
2022-05-26 13:15:45 [main] INFO  org.base.Global:44 - User click the login CTA
2022-05-26 13:15:45 [main] INFO  org.base.Global:50 - Validated the title
2022-05-26 13:15:45 [main] INFO  org.base.Global:57 - User is navigate to Salesforce site
2022-05-26 13:47:04 [main] INFO  org.base.Global:104 - User is navigate to Salesforce site
2022-05-26 13:47:09 [main] INFO  org.base.Global:75 - User is navigate to Salesforce site
2022-05-26 13:47:10 [main] INFO  org.base.Global:104 - User is navigate to Salesforce site
